2023-11-07 17:46:24,558 - INFO - This is an info message
2023-11-07 17:46:24,558 - WARNING - This is a warning message
2023-11-07 17:46:24,558 - ERROR - This is an error message
2023-11-07 17:56:19,367 - INFO - This is an info message
2023-11-07 17:56:19,367 - WARNING - This is a warning message
2023-11-07 17:56:19,367 - ERROR - This is an error message
2023-11-07 17:56:19,368 - INFO - This is an info message
2023-11-07 17:56:19,368 - INFO - This is an info message
2023-11-07 17:56:19,368 - WARNING - This is a warning message
2023-11-07 17:56:19,368 - WARNING - This is a warning message
2023-11-07 17:56:19,368 - ERROR - This is an error message
2023-11-07 17:56:19,368 - ERROR - This is an error message
2023-11-07 17:57:36,936 - INFO - This is an info message
2023-11-07 17:57:36,936 - WARNING - This is a warning message
2023-11-07 17:57:36,936 - ERROR - This is an error message
2023-11-07 17:57:36,937 - INFO - This is an info message
2023-11-07 17:57:36,937 - INFO - This is an info message
2023-11-07 17:57:36,937 - WARNING - This is a warning message
2023-11-07 17:57:36,937 - WARNING - This is a warning message
2023-11-07 17:57:36,937 - ERROR - This is an error message
2023-11-07 17:57:36,937 - ERROR - This is an error message
2023-11-07 17:57:36,937 - INFO - This is an info message
2023-11-07 17:57:36,937 - INFO - This is an info message
2023-11-07 17:58:28,165 - INFO - This is an info message
2023-11-07 17:58:28,165 - WARNING - This is a warning message
2023-11-07 17:58:28,165 - ERROR - This is an error message
2023-11-07 17:58:28,166 - INFO - This is an info message
2023-11-07 17:58:28,166 - INFO - This is an info message
2023-11-07 17:58:28,166 - WARNING - This is a warning message
2023-11-07 17:58:28,166 - WARNING - This is a warning message
2023-11-07 17:58:28,166 - ERROR - This is an error message
2023-11-07 17:58:28,166 - ERROR - This is an error message
2023-11-07 17:58:28,166 - INFO - This is an info message
2023-11-07 17:58:28,166 - INFO - This is an info message
2023-11-07 17:58:44,939 - INFO - This is an info message
2023-11-07 17:58:44,939 - WARNING - This is a warning message
2023-11-07 17:58:44,939 - ERROR - This is an error message
2023-11-07 17:58:44,939 - INFO - This is an info message
2023-11-07 17:58:44,939 - INFO - This is an info message
2023-11-07 17:58:44,940 - WARNING - This is a warning message
2023-11-07 17:58:44,940 - WARNING - This is a warning message
2023-11-07 17:58:44,940 - ERROR - This is an error message
2023-11-07 17:58:44,940 - ERROR - This is an error message
2023-11-07 17:58:44,940 - ERROR - This is an info message
2023-11-07 17:58:44,940 - ERROR - This is an info message
2023-11-07 18:01:47,104 - INFO - This is an info message
2023-11-07 18:01:47,104 - WARNING - This is a warning message
2023-11-07 18:01:47,104 - ERROR - This is an error message
2023-11-07 18:01:47,104 - INFO - This is an info message
2023-11-07 18:01:47,104 - INFO - This is an info message
2023-11-07 18:01:47,104 - WARNING - This is a warning message
2023-11-07 18:01:47,104 - WARNING - This is a warning message
2023-11-07 18:01:47,104 - ERROR - This is an error message
2023-11-07 18:01:47,104 - ERROR - This is an error message
2023-11-07 18:01:47,104 - ERROR - This is an info message
2023-11-07 18:01:47,104 - ERROR - This is an info message
2023-11-07 18:09:04,255 - INFO - This is an info message
2023-11-07 18:09:04,255 - WARNING - This is a warning message
2023-11-07 18:09:04,255 - ERROR - This is an error message
2023-11-07 18:09:04,257 - INFO - This is an info message
2023-11-07 18:09:04,257 - INFO - This is an info message
2023-11-07 18:09:04,257 - WARNING - This is a warning message
2023-11-07 18:09:04,257 - WARNING - This is a warning message
2023-11-07 18:09:04,257 - ERROR - This is an error message
2023-11-07 18:09:04,257 - ERROR - This is an error message
2023-11-07 18:09:04,257 - INFO - 40
2023-11-07 18:09:04,257 - INFO - 40
2023-11-08 10:30:22,793 - INFO - This is an info message
2023-11-08 10:30:22,793 - WARNING - This is a warning message
2023-11-08 10:30:22,793 - ERROR - This is an error message
2023-11-08 10:30:22,794 - INFO - 40
2023-11-08 10:30:22,794 - INFO - 40
